<?xml version="1.0" encoding="UTF-8"?>
<testsuite xmlns:xsi="http://www.w3.org/2001/XMLSchema-instance" xsi:noNamespaceSchemaLocation="https://maven.apache.org/surefire/maven-surefire-plugin/xsd/surefire-test-report-3.0.xsd" version="3.0" name="TestSuite" time="37.363" tests="3" errors="0" skipped="0" failures="0">
  <properties>
[...]
</properties>
  <testcase name="openWebSite" classname="tests.Test2" time="11.366"/>
  <testcase name="openWebSite" classname="tests.Test2" time="7.974"/>
  <testcase name="verifySearchByVoice" classname="tests.Test2" time="1.236"/>
</testsuite>