<?xml version="1.0" encoding="UTF-8"?>
<testng-results ignored="0" total="2" passed="2" failed="0" skipped="0">
  <reporter-output>
  </reporter-output>
  <suite started-at="2022-01-02T22:25:44 MSK" name="Command line suite" finished-at="2022-01-02T22:26:06 MSK" duration-ms="22858">
    <groups>
    </groups>
    <test started-at="2022-01-02T22:25:44 MSK" name="Command line test" finished-at="2022-01-02T22:26:06 MSK" duration-ms="22858">
      <class name="tests.Test1">
        <test-method is-config="true" signature="setUp()[pri:0, instance:tests.Test1@7b69c6ba]" started-at="2022-01-02T22:25:44 MSK" name="setUp" finished-at="2022-01-02T22:25:48 MSK" duration-ms="3965" status="PASS">
          <reporter-output>
          </reporter-output>
        </test-method> <!-- setUp -->
        <test-method is-config="true" signature="toBaseUrl()[pri:0, instance:tests.Test1@7b69c6ba]" started-at="2022-01-02T22:25:48 MSK" name="toBaseUrl" finished-at="2022-01-02T22:25:50 MSK" duration-ms="2821" status="PASS">
          <reporter-output>
          </reporter-output>
        </test-method> <!-- toBaseUrl -->
        <test-method signature="openWebSite(java.lang.String)[pri:0, instance:tests.Test1@7b69c6ba]" started-at="2022-01-02T22:25:50 MSK" name="openWebSite" data-provider="dataProvider" finished-at="2022-01-02T22:25:58 MSK" duration-ms="7778" status="PASS">
          <params>
            <param index="0">
              <value>
                <![CDATA[testing]]>
              </value>
            </param>
          </params>
          <reporter-output>
          </reporter-output>
        </test-method> <!-- openWebSite -->
        <test-method is-config="true" signature="toBaseUrl()[pri:0, instance:tests.Test1@7b69c6ba]" started-at="2022-01-02T22:25:58 MSK" name="toBaseUrl" finished-at="2022-01-02T22:25:59 MSK" duration-ms="588" status="PASS">
          <reporter-output>
          </reporter-output>
        </test-method> <!-- toBaseUrl -->
        <test-method signature="openWebSite(java.lang.String)[pri:0, instance:tests.Test1@7b69c6ba]" started-at="2022-01-02T22:25:59 MSK" name="openWebSite" data-provider="dataProvider" finished-at="2022-01-02T22:26:06 MSK" duration-ms="7510" status="PASS">
          <params>
            <param index="0">
              <value>
                <![CDATA[selenium]]>
              </value>
            </param>
          </params>
          <reporter-output>
          </reporter-output>
        </test-method> <!-- openWebSite -->
        <test-method is-config="true" signature="tearDown()[pri:0, instance:tests.Test1@7b69c6ba]" started-at="2022-01-02T22:26:06 MSK" name="tearDown" finished-at="2022-01-02T22:26:06 MSK" duration-ms="121" status="PASS">
          <reporter-output>
          </reporter-output>
        </test-method> <!-- tearDown -->
      </class> <!-- tests.Test1 -->
    </test> <!-- Command line test -->
  </suite> <!-- Command line suite -->
</testng-results>
