<?xml version="1.0" encoding="UTF-8"?>
<testng-results ignored="0" total="3" passed="3" failed="0" skipped="0">
  <reporter-output>
  </reporter-output>
  <suite started-at="2022-01-05T18:22:03 MSK" name="AllTests" finished-at="2022-01-05T18:22:40 MSK" duration-ms="36617">
    <groups>
    </groups>
    <test started-at="2022-01-05T18:22:03 MSK" name="Regression" finished-at="2022-01-05T18:22:40 MSK" duration-ms="36617">
      <class name="tests.Test2">
        <test-method is-config="true" signature="setUp()[pri:0, instance:tests.Test2@5d20e46]" started-at="2022-01-05T18:22:03 MSK" name="setUp" finished-at="2022-01-05T18:22:11 MSK" duration-ms="7370" status="PASS">
          <reporter-output>
          </reporter-output>
        </test-method> <!-- setUp -->
        <test-method is-config="true" signature="toBaseUrl()[pri:0, instance:tests.Test2@5d20e46]" started-at="2022-01-05T18:22:11 MSK" name="toBaseUrl" finished-at="2022-01-05T18:22:18 MSK" duration-ms="7373" status="PASS">
          <reporter-output>
          </reporter-output>
        </test-method> <!-- toBaseUrl -->
        <test-method signature="openWebSite(java.lang.String)[pri:0, instance:tests.Test2@5d20e46]" started-at="2022-01-05T18:22:18 MSK" name="openWebSite" data-provider="dataProvider" finished-at="2022-01-05T18:22:30 MSK" duration-ms="11319" status="PASS">
          <params>
            <param index="0">
              <value>
                <![CDATA[testing]]>
              </value>
            </param>
          </params>
          <reporter-output>
          </reporter-output>
        </test-method> <!-- openWebSite -->
        <test-method is-config="true" signature="toBaseUrl()[pri:0, instance:tests.Test2@5d20e46]" started-at="2022-01-05T18:22:30 MSK" name="toBaseUrl" finished-at="2022-01-05T18:22:30 MSK" duration-ms="541" status="PASS">
          <reporter-output>
          </reporter-output>
        </test-method> <!-- toBaseUrl -->
        <test-method signature="openWebSite(java.lang.String)[pri:0, instance:tests.Test2@5d20e46]" started-at="2022-01-05T18:22:30 MSK" name="openWebSite" data-provider="dataProvider" finished-at="2022-01-05T18:22:38 MSK" duration-ms="7969" status="PASS">
          <params>
            <param index="0">
              <value>
                <![CDATA[selenium]]>
              </value>
            </param>
          </params>
          <reporter-output>
          </reporter-output>
        </test-method> <!-- openWebSite -->
        <test-method is-config="true" signature="toBaseUrl()[pri:0, instance:tests.Test2@5d20e46]" started-at="2022-01-05T18:22:38 MSK" name="toBaseUrl" finished-at="2022-01-05T18:22:39 MSK" duration-ms="573" status="PASS">
          <reporter-output>
          </reporter-output>
        </test-method> <!-- toBaseUrl -->
        <test-method signature="verifySearchByVoice()[pri:0, instance:tests.Test2@5d20e46]" started-at="2022-01-05T18:22:39 MSK" name="verifySearchByVoice" finished-at="2022-01-05T18:22:40 MSK" duration-ms="1233" status="PASS">
          <reporter-output>
          </reporter-output>
        </test-method> <!-- verifySearchByVoice -->
        <test-method is-config="true" signature="tearDown()[pri:0, instance:tests.Test2@5d20e46]" started-at="2022-01-05T18:22:40 MSK" name="tearDown" finished-at="2022-01-05T18:22:40 MSK" duration-ms="145" status="PASS">
          <reporter-output>
          </reporter-output>
        </test-method> <!-- tearDown -->
      </class> <!-- tests.Test2 -->
    </test> <!-- Regression -->
  </suite> <!-- AllTests -->
</testng-results>
