<?xml version="1.0" encoding="UTF-8"?>
<testng-results ignored="0" total="2" passed="2" failed="0" skipped="0">
  <reporter-output>
  </reporter-output>
  <suite started-at="2022-01-31T16:41:05 MSK" name="AllTests" finished-at="2022-01-31T16:41:23 MSK" duration-ms="18331">
    <groups>
    </groups>
    <test started-at="2022-01-31T16:41:05 MSK" name="Regression" finished-at="2022-01-31T16:41:23 MSK" duration-ms="18331">
      <class name="tests.Test2">
        <test-method is-config="true" signature="setUp()[pri:0, instance:tests.Test2@5d20e46]" started-at="2022-01-31T16:41:05 MSK" name="setUp" finished-at="2022-01-31T16:41:10 MSK" duration-ms="5211" status="PASS">
          <reporter-output>
          </reporter-output>
        </test-method> <!-- setUp -->
        <test-method is-config="true" signature="toBaseUrl()[pri:0, instance:tests.Test2@5d20e46]" started-at="2022-01-31T16:41:10 MSK" name="toBaseUrl" finished-at="2022-01-31T16:41:13 MSK" duration-ms="3280" status="PASS">
          <reporter-output>
          </reporter-output>
        </test-method> <!-- toBaseUrl -->
        <test-method signature="openWebSite(java.lang.String)[pri:0, instance:tests.Test2@5d20e46]" started-at="2022-01-31T16:41:13 MSK" name="openWebSite" data-provider="dataProvider" finished-at="2022-01-31T16:41:22 MSK" duration-ms="8610" status="PASS">
          <params>
            <param index="0">
              <value>
                <![CDATA[selenium]]>
              </value>
            </param>
          </params>
          <reporter-output>
          </reporter-output>
        </test-method> <!-- openWebSite -->
        <test-method is-config="true" signature="toBaseUrl()[pri:0, instance:tests.Test2@5d20e46]" started-at="2022-01-31T16:41:22 MSK" name="toBaseUrl" finished-at="2022-01-31T16:41:22 MSK" duration-ms="763" status="PASS">
          <reporter-output>
          </reporter-output>
        </test-method> <!-- toBaseUrl -->
        <test-method signature="verifySearchByVoice()[pri:0, instance:tests.Test2@5d20e46]" started-at="2022-01-31T16:41:22 MSK" name="verifySearchByVoice" finished-at="2022-01-31T16:41:23 MSK" duration-ms="279" status="PASS">
          <reporter-output>
          </reporter-output>
        </test-method> <!-- verifySearchByVoice -->
        <test-method is-config="true" signature="tearDown()[pri:0, instance:tests.Test2@5d20e46]" started-at="2022-01-31T16:41:23 MSK" name="tearDown" finished-at="2022-01-31T16:41:23 MSK" duration-ms="129" status="PASS">
          <reporter-output>
          </reporter-output>
        </test-method> <!-- tearDown -->
      </class> <!-- tests.Test2 -->
    </test> <!-- Regression -->
  </suite> <!-- AllTests -->
</testng-results>
